#
# A fatal error has been detected by the Java Runtime Environment:
#
#  Internal Error (0xc06d007e), pid=17628, tid=0x0000000000003690
#
# JRE version:  (8.0_121-b13) (build )
# Java VM: Java HotSpot(TM) 64-Bit Server VM (25.121-b13 mixed mode windows-amd64 compressed oops)
# Problematic frame:
# C  [KERNELBASE.dll+0x17788]
#
# Failed to write core dump. Minidumps are not enabled by default on client versions of Windows
#
# If you would like to submit a bug report, please visit:
#   http://bugreport.java.com/bugreport/crash.jsp
# The crash happened outside the Java Virtual Machine in native code.
# See problematic frame for where to report the bug.
#

---------------  T H R E A D  ---------------

Current thread (0x0000000003305800):  JavaThread "main" [_thread_in_native, id=13968, stack(0x0000000003200000,0x0000000003300000)]

siginfo: ExceptionCode=0xc06d007e, ExceptionInformation=0x00000000032fe8f0 

Registers:
RAX=0x000000000e00000e, RBX=0x0000000000000000, RCX=0x0000000000000000, RDX=0x0000000002000002
RSP=0x00000000032fe7f0, RBP=0x00000000032fe948, RSI=0x00000000624cd8bc, RDI=0x0000000000000000
R8 =0x00000000e70000e7, R9 =0x0000000000000006, R10=0x00007ffa02000002, R11=0x0000000000000000
R12=0x0000000000000001, R13=0x00000000624d5780, R14=0x00000000624d5510, R15=0x00000000624cd948
RIP=0x00007ffa29eb7788, EFLAGS=0x0000000000000202

Top of Stack: (sp=0x00000000032fe7f0)
0x00000000032fe7f0:   00000000624d5780 0000000000000000
0x00000000032fe800:   00000000624cd8bc 0000000000000000
0x00000000032fe810:   00000000c06d007e 0000000000000000
0x00000000032fe820:   00007ffa29eb7788 00007ffa00000001
0x00000000032fe830:   00000000032fe8f0 0000000000000000
0x00000000032fe840:   00000000013ca470 0000000000000000
0x00000000032fe850:   0000000000000000 00007ffa29ec572f
0x00000000032fe860:   005c003200000000 00000000624cd8bc
0x00000000032fe870:   0000ac6edefbbf22 0000000000000000
0x00000000032fe880:   0000000000000000 0000000000000000
0x00000000032fe890:   00000000624ccb60 00007ffa29f0b899
0x00000000032fe8a0:   0000000000000000 0000000062de4e7e
0x00000000032fe8b0:   0000f1db54ee1746 0000000062db5695
0x00000000032fe8c0:   0000000000000000 00000000624c8a07
0x00000000032fe8d0:   0000000000000000 00000000624cd8bc
0x00000000032fe8e0:   0000000000000001 0000000062de38a8 

Instructions: (pc=0x00007ffa29eb7788)
0x00007ffa29eb7768:   49 8b d1 44 0f 47 c0 44 89 44 24 38 49 c1 e0 03
0x00007ffa29eb7778:   e8 07 55 06 00 48 8d 4c 24 20 ff 15 e0 08 13 00
0x00007ffa29eb7788:   48 8b 8c 24 c0 00 00 00 48 33 cc e8 98 1a 06 00
0x00007ffa29eb7798:   48 81 c4 d8 00 00 00 c3 83 64 24 38 00 eb d6 cc 


Register to memory mapping:

RAX=0x000000000e00000e is an unknown value
RBX=0x0000000000000000 is an unknown value
RCX=0x0000000000000000 is an unknown value
RDX=0x0000000002000002 is an unknown value
RSP=0x00000000032fe7f0 is pointing into the stack for thread: 0x0000000003305800
RBP=0x00000000032fe948 is pointing into the stack for thread: 0x0000000003305800
RSI=0x00000000624cd8bc is an unknown value
RDI=0x0000000000000000 is an unknown value
R8 =0x00000000e70000e7 is an unallocated location in the heap
R9 =0x0000000000000006 is an unknown value
R10=0x00007ffa02000002 is an unknown value
R11=0x0000000000000000 is an unknown value
R12=0x0000000000000001 is an unknown value
R13=0x00000000624d5780 is an unknown value
R14=0x00000000624d5510 is an unknown value
R15=0x00000000624cd948 is an unknown value


Stack: [0x0000000003200000,0x0000000003300000],  sp=0x00000000032fe7f0,  free space=1017k
Native frames: (J=compiled Java code, j=interpreted, Vv=VM code, C=native code)
C  [KERNELBASE.dll+0x17788]

Java frames: (J=compiled Java code, j=interpreted, Vv=VM code)
j  java.lang.System.initProperties(Ljava/util/Properties;)Ljava/util/Properties;+0
j  java.lang.System.initializeSystemClass()V+13
v  ~StubRoutines::call_stub

---------------  P R O C E S S  ---------------

Java Threads: ( => current thread )
  0x00000000033fe800 JavaThread "Finalizer" daemon [_thread_blocked, id=10960, stack(0x000000001a6e0000,0x000000001a7e0000)]
  0x00000000033fd000 JavaThread "Reference Handler" daemon [_thread_blocked, id=5276, stack(0x000000001a1e0000,0x000000001a2e0000)]
=>0x0000000003305800 JavaThread "main" [_thread_in_native, id=13968, stack(0x0000000003200000,0x0000000003300000)]

Other Threads:
  0x00000000183b9800 VMThread [stack: 0x000000001a0e0000,0x000000001a1e0000] [id=18376]

VM state:not at safepoint (normal execution)

VM Mutex/Monitor currently owned by a thread: None

Heap:
 PSYoungGen      total 38400K, used 665K [0x00000000d5c00000, 0x00000000d8680000, 0x0000000100000000)
  eden space 33280K, 2% used [0x00000000d5c00000,0x00000000d5ca6670,0x00000000d7c80000)
  from space 5120K, 0% used [0x00000000d8180000,0x00000000d8180000,0x00000000d8680000)
  to   space 5120K, 0% used [0x00000000d7c80000,0x00000000d7c80000,0x00000000d8180000)
 ParOldGen       total 87552K, used 0K [0x0000000081400000, 0x0000000086980000, 0x00000000d5c00000)
  object space 87552K, 0% used [0x0000000081400000,0x0000000081400000,0x0000000086980000)
 Metaspace       used 1103K, capacity 4480K, committed 4480K, reserved 1056768K
  class space    used 116K, capacity 384K, committed 384K, reserved 1048576K

Card table byte_map: [0x00000000127c0000,0x0000000012bc0000] byte_map_base: 0x00000000123b6000

Marking Bits: (ParMarkBitMap*) 0x0000000062d0b6d0
 Begin Bits: [0x0000000013670000, 0x0000000015620000)
 End Bits:   [0x0000000015620000, 0x00000000175d0000)

Polling page: 0x00000000018c0000

CodeCache: size=245760Kb used=405Kb max_used=405Kb free=245354Kb
 bounds [0x0000000003400000, 0x0000000003670000, 0x0000000012400000]
 total_blobs=103 nmethods=0 adapters=77
 compilation: enabled

Compilation events (0 events):
No events

GC Heap History (0 events):
No events

Deoptimization events (0 events):
No events

Internal exceptions (2 events):
Event: 0.027 Thread 0x0000000003305800 Exception <a 'java/lang/NoSuchMethodError': Method sun.misc.Unsafe.defineClass(Ljava/lang/String;[BII)Ljava/lang/Class; name or signature does not match> (0x00000000d5c07ca8) thrown at [C:\re\workspace\8-2-build-windows-amd64-cygwin\jdk8u121\8372\hotspot\
Event: 0.027 Thread 0x0000000003305800 Exception <a 'java/lang/NoSuchMethodError': Method sun.misc.Unsafe.prefetchRead(Ljava/lang/Object;J)V name or signature does not match> (0x00000000d5c07f90) thrown at [C:\re\workspace\8-2-build-windows-amd64-cygwin\jdk8u121\8372\hotspot\src\share\vm\prims

Events (10 events):
Event: 0.027 loading class java/util/HashMap$Node done
Event: 0.027 loading class sun/misc/VM
Event: 0.028 loading class sun/misc/VM done
Event: 0.028 loading class java/util/Hashtable$Entry
Event: 0.028 loading class java/util/Hashtable$Entry done
Event: 0.028 loading class java/lang/Math
Event: 0.028 loading class java/lang/Math done
Event: 0.028 loading class java/lang/ref/Finalizer$FinalizerThread
Event: 0.028 loading class java/lang/ref/Finalizer$FinalizerThread done
Event: 0.028 Thread 0x00000000033fe800 Thread added: 0x00000000033fe800


Dynamic libraries:
0x00007ff7f5f70000 - 0x00007ff7f5fa7000 	C:\Program Files\Java\jdk1.8.0_121\bin\java.exe
0x00007ffa2d900000 - 0x00007ffa2dad1000 	C:\WINDOWS\SYSTEM32\ntdll.dll
0x00007ffa2bad0000 - 0x00007ffa2bb7b000 	C:\WINDOWS\System32\KERNEL32.DLL
0x00007ffa29ea0000 - 0x00007ffa2a0bd000 	C:\WINDOWS\System32\KERNELBASE.dll
0x00007ffa2bd20000 - 0x00007ffa2bdc2000 	C:\WINDOWS\System32\ADVAPI32.dll
0x00007ffa2af90000 - 0x00007ffa2b02e000 	C:\WINDOWS\System32\msvcrt.dll
0x00007ffa2b030000 - 0x00007ffa2b089000 	C:\WINDOWS\System32\sechost.dll
0x00007ffa2b390000 - 0x00007ffa2b4b1000 	C:\WINDOWS\System32\RPCRT4.dll
0x00007ffa2b940000 - 0x00007ffa2baa5000 	C:\WINDOWS\System32\USER32.dll
0x00007ffa2a740000 - 0x00007ffa2a75e000 	C:\WINDOWS\System32\win32u.dll
0x00007ffa2bb80000 - 0x00007ffa2bbb4000 	C:\WINDOWS\System32\GDI32.dll
0x00007ffa2a210000 - 0x00007ffa2a392000 	C:\WINDOWS\System32\gdi32full.dll
0x00007ffa21520000 - 0x00007ffa2179a000 	C:\WINDOWS\WinSxS\amd64_microsoft.windows.common-controls_6595b64144ccf1df_6.0.14393.953_none_42151e83c686086b\COMCTL32.dll
0x00007ffa2b670000 - 0x00007ffa2b938000 	C:\WINDOWS\System32\combase.dll
0x00007ffa2a410000 - 0x00007ffa2a505000 	C:\WINDOWS\System32\ucrtbase.dll
0x00007ffa2a3a0000 - 0x00007ffa2a40a000 	C:\WINDOWS\System32\bcryptPrimitives.dll
0x00007ffa2b090000 - 0x00007ffa2b0be000 	C:\WINDOWS\System32\IMM32.DLL
0x0000000062d90000 - 0x0000000062e62000 	C:\Program Files\Java\jdk1.8.0_121\jre\bin\msvcr100.dll
0x00000000624f0000 - 0x0000000062d8b000 	C:\Program Files\Java\jdk1.8.0_121\jre\bin\server\jvm.dll
0x00007ffa2c370000 - 0x00007ffa2c378000 	C:\WINDOWS\System32\PSAPI.DLL
0x00007ffa28100000 - 0x00007ffa28123000 	C:\WINDOWS\SYSTEM32\WINMM.dll
0x00007ffa22740000 - 0x00007ffa2274a000 	C:\WINDOWS\SYSTEM32\VERSION.dll
0x00007ffa0acd0000 - 0x00007ffa0acd9000 	C:\WINDOWS\SYSTEM32\WSOCK32.dll
0x00007ffa2b260000 - 0x00007ffa2b2ca000 	C:\WINDOWS\System32\WS2_32.dll
0x00000000018e0000 - 0x000000000190b000 	C:\WINDOWS\SYSTEM32\WINMMBASE.dll
0x00007ffa2a760000 - 0x00007ffa2a7a2000 	C:\WINDOWS\System32\cfgmgr32.dll
0x00000000624e0000 - 0x00000000624ef000 	C:\Program Files\Java\jdk1.8.0_121\jre\bin\verify.dll
0x00000000624b0000 - 0x00000000624d9000 	C:\Program Files\Java\jdk1.8.0_121\jre\bin\java.dll
0x0000000062490000 - 0x00000000624a6000 	C:\Program Files\Java\jdk1.8.0_121\jre\bin\zip.dll

VM Arguments:
jvm_args: -Didea.launcher.port=7591 -Didea.launcher.bin.path=C:\Program Files (x86)\JetBrains\IntelliJ IDEA Community Edition 2016.3.4\bin -Dfile.encoding=UTF-8 
java_command: com.intellij.rt.execution.application.AppMain InsertionSort
java_class_path (initial): C:\Program Files (x86)\JetBrains\IntelliJ IDEA Community Edition 2016.3.4\lib\annotations.jar;C:\Program Files (x86)\JetBrains\IntelliJ IDEA Community Edition 2016.3.4\lib\asm-5.0.3.jar;C:\Program Files (x86)\JetBrains\IntelliJ IDEA Community Edition 2016.3.4\lib\asm-all.jar;C:\Program Files (x86)\JetBrains\IntelliJ IDEA Community Edition 2016.3.4\lib\asm-analysis-5.0.3.jar;C:\Program Files (x86)\JetBrains\IntelliJ IDEA Community Edition 2016.3.4\lib\asm-tree-5.0.3.jar;C:\Program Files (x86)\JetBrains\IntelliJ IDEA Community Edition 2016.3.4\lib\automaton.jar;C:\Program Files (x86)\JetBrains\IntelliJ IDEA Community Edition 2016.3.4\lib\batik-all.jar;C:\Program Files (x86)\JetBrains\IntelliJ IDEA Community Edition 2016.3.4\lib\bcprov-jdk15on-155.jar;C:\Program Files (x86)\JetBrains\IntelliJ IDEA Community Edition 2016.3.4\lib\boot.jar;C:\Program Files (x86)\JetBrains\IntelliJ IDEA Community Edition 2016.3.4\lib\bootstrap.jar;C:\Program Files (x86)\JetBrains\IntelliJ IDEA Community Edition 2016.3.4\lib\cglib-nodep-3.2.4.jar;C:\Program Files (x86)\JetBrains\IntelliJ IDEA Community Edition 2016.3.4\lib\cli-parser-1.1.jar;C:\Program Files (x86)\JetBrains\IntelliJ IDEA Community Edition 2016.3.4\lib\commons-codec-1.9.jar;C:\Program Files (x86)\JetBrains\IntelliJ IDEA Community Edition 2016.3.4\lib\commons-compress-1.10.jar;C:\Program Files (x86)\JetBrains\IntelliJ IDEA Community Edition 2016.3.4\lib\commons-httpclient-3.1-patched.jar;C:\Program Files (x86)\JetBrains\IntelliJ IDEA Community Edition 2016.3.4\lib\commons-logging-1.2.jar;C:\Program Files (x86)\JetBrains\IntelliJ IDEA Community Edition 2016.3.4\lib\commons-net-3.3.jar;C:\Program Files (x86)\JetBrains\IntelliJ IDEA Community Edition 2016.3.4\lib\coverage-agent.jar;C:\Program Files (x86)\JetBrains\IntelliJ IDEA Community Edition 2016.3.4\lib\coverage-instrumenter.jar;C:\Program Files (x86)\JetBrains\IntelliJ IDEA Community Edition 2016.3.4\lib\coverage-util.jar;C:\Program Files (x86)
Launcher Type: SUN_STANDARD

Environment Variables:
CLASSPATH=C:\Program Files\Java\jre1.8.0_121\lib
PATH=C:\ProgramData\Oracle\Java\javapath;C:\WINDOWS\system32;C:\WINDOWS;C:\WINDOWS\System32\Wbem;C:\WINDOWS\System32\WindowsPowerShell\v1.0\;C:\Program Files (x86)\NVIDIA Corporation\PhysX\Common;C:\Program Files\Java\jdk1.8.0_121\bin;C:\Program Files\PuTTY\;C:\Program Files\MySQL\MySQL Utilities 1.6\;C:\Users\Eppo\AppData\Local\Microsoft\WindowsApps;
USERNAME=Eppo
OS=Windows_NT
PROCESSOR_IDENTIFIER=Intel64 Family 6 Model 60 Stepping 3, GenuineIntel



---------------  S Y S T E M  ---------------

OS: Windows 10.0 , 64 bit Build 14393 (10.0.14393.0)

CPU:total 8 (4 cores per cpu, 2 threads per core) family 6 model 60 stepping 3, cmov, cx8, fxsr, mmx, sse, sse2, sse3, ssse3, sse4.1, sse4.2, popcnt, avx, avx2, aes, clmul, erms, lzcnt, ht, tsc, tscinvbit, bmi1, bmi2

Memory: 4k page, physical 8302824k(3672628k free), swap 22942368k(168356k free)

vm_info: Java HotSpot(TM) 64-Bit Server VM (25.121-b13) for windows-amd64 JRE (1.8.0_121-b13), built on Dec 12 2016 18:21:36 by "java_re" with MS VC++ 10.0 (VS2010)

time: Mon Mar 20 19:28:59 2017
elapsed time: 0 seconds (0d 0h 0m 0s)

